Arguments: 
  /usr/local/bin/node /usr/local/bin/yarn client

PATH: 
  /usr/local/lib/node_modules/npm/node_modules/npm-lifecycle/node-gyp-bin:/Users/mac/Desktop/react-redux/react-redux-node-mongo-boilerplate/node_modules/.bin:/usr/local/bin:/usr/bin:/bin:/usr/sbin:/sbin:/opt/X11/bin

Yarn version: 
  1.5.1

Node version: 
  9.7.1

Platform: 
  darwin x64

npm manifest: 
  {
    "name": "react-redux-node-mongo-boilerplate",
    "version": "1.0.0",
    "description": "This the boilerplate for a fullstack web application",
    "main": "index.js",
    "scripts": {
      "client": "cd client && yarn start",
      "server": "nodemon server.js",
      "dev": "concurrently --kill-others-on-fail \"yarn server\" \"yarn client\"",
      "dev:server": "cd client && yarn build && cd .. && yarn start",
      "start": "node server.js",
      "heroku-postbuild": "cd client && npm install && npm install --only=dev --no-shrinkwrap && npm run build"
    },
    "keywords": [
      "ReactJS",
      "Redux",
      "NodeJS",
      "Express",
      "Mongoose",
      "Mongo"
    ],
    "author": "ichbili",
    "license": "ISC",
    "dependencies": {
      "body-parser": "^1.18.3",
      "express": "^4.16.3",
      "mongo": "^0.1.0",
      "mongoose": "^5.2.1",
      "path": "^0.12.7"
    },
    "devDependencies": {
      "concurrently": "^3.6.0"
    }
  }

yarn manifest: 
  No manifest

Lockfile: 
  No lockfile

Trace: 
  Error: Command failed.
  Exit code: 1
  Command: sh
  Arguments: -c cd client && yarn start
  Directory: /Users/mac/Desktop/react-redux/react-redux-node-mongo-boilerplate
  Output:
  
      at ProcessTermError.MessageError (/usr/local/lib/node_modules/yarn/lib/cli.js:186:110)
      at new ProcessTermError (/usr/local/lib/node_modules/yarn/lib/cli.js:226:113)
      at ChildProcess.<anonymous> (/usr/local/lib/node_modules/yarn/lib/cli.js:30281:17)
      at ChildProcess.emit (events.js:127:13)
      at maybeClose (internal/child_process.js:936:16)
      at Process.ChildProcess._handle.onexit (internal/child_process.js:220:5)
